{"D:\\Kuliah\\DOT\\index.js": {"path":"D:\\Kuliah\\DOT\\index.js","statementMap":{"0":{"start":{"line":1,"column":16},"end":{"line":1,"column":34}},"1":{"start":{"line":3,"column":12},"end":{"line":3,"column":21}},"2":{"start":{"line":4,"column":13},"end":{"line":4,"column":17}},"3":{"start":{"line":6,"column":18},"end":{"line":6,"column":48}},"4":{"start":{"line":7,"column":19},"end":{"line":7,"column":50}},"5":{"start":{"line":8,"column":22},"end":{"line":8,"column":56}},"6":{"start":{"line":9,"column":21},"end":{"line":9,"column":58}},"7":{"start":{"line":11,"column":0},"end":{"line":11,"column":24}},"8":{"start":{"line":12,"column":0},"end":{"line":12,"column":48}},"9":{"start":{"line":14,"column":0},"end":{"line":14,"column":19}},"10":{"start":{"line":15,"column":0},"end":{"line":15,"column":20}},"11":{"start":{"line":16,"column":0},"end":{"line":16,"column":32}},"12":{"start":{"line":18,"column":0},"end":{"line":18,"column":22}},"13":{"start":{"line":24,"column":0},"end":{"line":24,"column":21}}},"fnMap":{},"branchMap":{},"s":{"0":3,"1":3,"2":3,"3":3,"4":3,"5":3,"6":3,"7":3,"8":3,"9":3,"10":3,"11":3,"12":3,"13":3},"f":{},"b":{},"_coverageSchema":"1a1c01bbd47fc00a2c39e90264f33305004495a9","hash":"703cced39d744af4a2b2d4f445c77f5ba1e523d5"}
,"D:\\Kuliah\\DOT\\config\\config.js": {"path":"D:\\Kuliah\\DOT\\config\\config.js","statementMap":{"0":{"start":{"line":1,"column":0},"end":{"line":1,"column":27}},"1":{"start":{"line":3,"column":0},"end":{"line":25,"column":2}}},"fnMap":{},"branchMap":{},"s":{"0":3,"1":3},"f":{},"b":{},"_coverageSchema":"1a1c01bbd47fc00a2c39e90264f33305004495a9","hash":"eb1b2434501edd9795f6621b49935fad6c1c84cb"}
,"D:\\Kuliah\\DOT\\controllers\\movie.controller.js": {"path":"D:\\Kuliah\\DOT\\controllers\\movie.controller.js","statementMap":{"0":{"start":{"line":1,"column":18},"end":{"line":1,"column":38}},"1":{"start":{"line":3,"column":0},"end":{"line":12,"column":2}},"2":{"start":{"line":4,"column":2},"end":{"line":11,"column":3}},"3":{"start":{"line":5,"column":19},"end":{"line":5,"column":40}},"4":{"start":{"line":6,"column":4},"end":{"line":8,"column":7}},"5":{"start":{"line":10,"column":4},"end":{"line":10,"column":14}},"6":{"start":{"line":14,"column":0},"end":{"line":31,"column":2}},"7":{"start":{"line":15,"column":2},"end":{"line":30,"column":3}},"8":{"start":{"line":16,"column":38},"end":{"line":16,"column":46}},"9":{"start":{"line":17,"column":25},"end":{"line":23,"column":6}},"10":{"start":{"line":24,"column":4},"end":{"line":27,"column":7}},"11":{"start":{"line":29,"column":4},"end":{"line":29,"column":14}},"12":{"start":{"line":33,"column":0},"end":{"line":67,"column":2}},"13":{"start":{"line":34,"column":2},"end":{"line":66,"column":3}},"14":{"start":{"line":35,"column":19},"end":{"line":35,"column":29}},"15":{"start":{"line":36,"column":38},"end":{"line":36,"column":46}},"16":{"start":{"line":37,"column":18},"end":{"line":41,"column":6}},"17":{"start":{"line":42,"column":4},"end":{"line":47,"column":5}},"18":{"start":{"line":43,"column":6},"end":{"line":46,"column":8}},"19":{"start":{"line":48,"column":25},"end":{"line":59,"column":5}},"20":{"start":{"line":60,"column":4},"end":{"line":63,"column":7}},"21":{"start":{"line":65,"column":4},"end":{"line":65,"column":14}},"22":{"start":{"line":69,"column":0},"end":{"line":95,"column":2}},"23":{"start":{"line":70,"column":2},"end":{"line":94,"column":3}},"24":{"start":{"line":71,"column":19},"end":{"line":71,"column":29}},"25":{"start":{"line":72,"column":18},"end":{"line":76,"column":6}},"26":{"start":{"line":77,"column":4},"end":{"line":82,"column":5}},"27":{"start":{"line":78,"column":6},"end":{"line":81,"column":8}},"28":{"start":{"line":83,"column":25},"end":{"line":87,"column":6}},"29":{"start":{"line":88,"column":4},"end":{"line":91,"column":7}},"30":{"start":{"line":93,"column":4},"end":{"line":93,"column":14}}},"fnMap":{"0":{"name":"(anonymous_0)","decl":{"start":{"line":3,"column":20},"end":{"line":3,"column":21}},"loc":{"start":{"line":3,"column":46},"end":{"line":12,"column":1}},"line":3},"1":{"name":"(anonymous_1)","decl":{"start":{"line":14,"column":23},"end":{"line":14,"column":24}},"loc":{"start":{"line":14,"column":49},"end":{"line":31,"column":1}},"line":14},"2":{"name":"(anonymous_2)","decl":{"start":{"line":33,"column":25},"end":{"line":33,"column":26}},"loc":{"start":{"line":33,"column":51},"end":{"line":67,"column":1}},"line":33},"3":{"name":"(anonymous_3)","decl":{"start":{"line":69,"column":22},"end":{"line":69,"column":23}},"loc":{"start":{"line":69,"column":48},"end":{"line":95,"column":1}},"line":69}},"branchMap":{"0":{"loc":{"start":{"line":42,"column":4},"end":{"line":47,"column":5}},"type":"if","locations":[{"start":{"line":42,"column":4},"end":{"line":47,"column":5}},{"start":{},"end":{}}],"line":42},"1":{"loc":{"start":{"line":77,"column":4},"end":{"line":82,"column":5}},"type":"if","locations":[{"start":{"line":77,"column":4},"end":{"line":82,"column":5}},{"start":{},"end":{}}],"line":77}},"s":{"0":3,"1":3,"2":1,"3":1,"4":1,"5":0,"6":3,"7":1,"8":1,"9":1,"10":1,"11":0,"12":3,"13":2,"14":2,"15":2,"16":2,"17":2,"18":1,"19":1,"20":1,"21":1,"22":3,"23":2,"24":2,"25":2,"26":2,"27":1,"28":1,"29":1,"30":1},"f":{"0":1,"1":1,"2":2,"3":2},"b":{"0":[1,1],"1":[1,1]},"_coverageSchema":"1a1c01bbd47fc00a2c39e90264f33305004495a9","hash":"d8529bf09192bd7aa97beb5b6c10a772685def15"}
,"D:\\Kuliah\\DOT\\controllers\\user.controller.js": {"path":"D:\\Kuliah\\DOT\\controllers\\user.controller.js","statementMap":{"0":{"start":{"line":1,"column":17},"end":{"line":1,"column":37}},"1":{"start":{"line":2,"column":15},"end":{"line":2,"column":34}},"2":{"start":{"line":3,"column":12},"end":{"line":3,"column":35}},"3":{"start":{"line":4,"column":0},"end":{"line":4,"column":27}},"4":{"start":{"line":6,"column":0},"end":{"line":42,"column":2}},"5":{"start":{"line":7,"column":2},"end":{"line":41,"column":3}},"6":{"start":{"line":8,"column":61},"end":{"line":8,"column":69}},"7":{"start":{"line":9,"column":17},"end":{"line":13,"column":6}},"8":{"start":{"line":14,"column":4},"end":{"line":19,"column":5}},"9":{"start":{"line":15,"column":6},"end":{"line":18,"column":8}},"10":{"start":{"line":20,"column":4},"end":{"line":25,"column":5}},"11":{"start":{"line":21,"column":6},"end":{"line":24,"column":8}},"12":{"start":{"line":26,"column":21},"end":{"line":26,"column":53}},"13":{"start":{"line":27,"column":24},"end":{"line":34,"column":6}},"14":{"start":{"line":35,"column":4},"end":{"line":38,"column":7}},"15":{"start":{"line":40,"column":4},"end":{"line":40,"column":14}},"16":{"start":{"line":44,"column":0},"end":{"line":79,"column":2}},"17":{"start":{"line":45,"column":2},"end":{"line":78,"column":3}},"18":{"start":{"line":46,"column":32},"end":{"line":46,"column":40}},"19":{"start":{"line":47,"column":17},"end":{"line":51,"column":6}},"20":{"start":{"line":52,"column":4},"end":{"line":57,"column":5}},"21":{"start":{"line":53,"column":6},"end":{"line":56,"column":8}},"22":{"start":{"line":58,"column":30},"end":{"line":58,"column":75}},"23":{"start":{"line":59,"column":4},"end":{"line":64,"column":5}},"24":{"start":{"line":60,"column":6},"end":{"line":63,"column":8}},"25":{"start":{"line":65,"column":18},"end":{"line":71,"column":5}},"26":{"start":{"line":72,"column":4},"end":{"line":75,"column":7}},"27":{"start":{"line":77,"column":4},"end":{"line":77,"column":14}}},"fnMap":{"0":{"name":"(anonymous_0)","decl":{"start":{"line":6,"column":23},"end":{"line":6,"column":24}},"loc":{"start":{"line":6,"column":49},"end":{"line":42,"column":1}},"line":6},"1":{"name":"(anonymous_1)","decl":{"start":{"line":44,"column":20},"end":{"line":44,"column":21}},"loc":{"start":{"line":44,"column":46},"end":{"line":79,"column":1}},"line":44}},"branchMap":{"0":{"loc":{"start":{"line":14,"column":4},"end":{"line":19,"column":5}},"type":"if","locations":[{"start":{"line":14,"column":4},"end":{"line":19,"column":5}},{"start":{},"end":{}}],"line":14},"1":{"loc":{"start":{"line":20,"column":4},"end":{"line":25,"column":5}},"type":"if","locations":[{"start":{"line":20,"column":4},"end":{"line":25,"column":5}},{"start":{},"end":{}}],"line":20},"2":{"loc":{"start":{"line":52,"column":4},"end":{"line":57,"column":5}},"type":"if","locations":[{"start":{"line":52,"column":4},"end":{"line":57,"column":5}},{"start":{},"end":{}}],"line":52},"3":{"loc":{"start":{"line":59,"column":4},"end":{"line":64,"column":5}},"type":"if","locations":[{"start":{"line":59,"column":4},"end":{"line":64,"column":5}},{"start":{},"end":{}}],"line":59}},"s":{"0":3,"1":3,"2":3,"3":3,"4":3,"5":3,"6":3,"7":3,"8":3,"9":1,"10":2,"11":1,"12":1,"13":1,"14":1,"15":2,"16":3,"17":3,"18":3,"19":3,"20":3,"21":1,"22":2,"23":2,"24":1,"25":1,"26":1,"27":2},"f":{"0":3,"1":3},"b":{"0":[1,2],"1":[1,1],"2":[1,2],"3":[1,1]},"_coverageSchema":"1a1c01bbd47fc00a2c39e90264f33305004495a9","hash":"4ac6a36083616fef0e29a5b35495cd6b2e5b0c18"}
,"D:\\Kuliah\\DOT\\controllers\\wishlist.controller.js": {"path":"D:\\Kuliah\\DOT\\controllers\\wishlist.controller.js","statementMap":{"0":{"start":{"line":1,"column":28},"end":{"line":1,"column":48}},"1":{"start":{"line":3,"column":0},"end":{"line":22,"column":2}},"2":{"start":{"line":4,"column":2},"end":{"line":21,"column":3}},"3":{"start":{"line":5,"column":21},"end":{"line":15,"column":6}},"4":{"start":{"line":16,"column":4},"end":{"line":18,"column":7}},"5":{"start":{"line":20,"column":4},"end":{"line":20,"column":14}},"6":{"start":{"line":24,"column":0},"end":{"line":57,"column":2}},"7":{"start":{"line":25,"column":2},"end":{"line":56,"column":3}},"8":{"start":{"line":26,"column":19},"end":{"line":26,"column":29}},"9":{"start":{"line":27,"column":18},"end":{"line":27,"column":42}},"10":{"start":{"line":28,"column":4},"end":{"line":33,"column":5}},"11":{"start":{"line":29,"column":6},"end":{"line":32,"column":8}},"12":{"start":{"line":34,"column":28},"end":{"line":39,"column":6}},"13":{"start":{"line":40,"column":4},"end":{"line":45,"column":5}},"14":{"start":{"line":41,"column":6},"end":{"line":44,"column":8}},"15":{"start":{"line":46,"column":28},"end":{"line":49,"column":6}},"16":{"start":{"line":50,"column":4},"end":{"line":53,"column":7}},"17":{"start":{"line":55,"column":4},"end":{"line":55,"column":14}},"18":{"start":{"line":59,"column":0},"end":{"line":85,"column":2}},"19":{"start":{"line":60,"column":2},"end":{"line":84,"column":3}},"20":{"start":{"line":61,"column":19},"end":{"line":61,"column":29}},"21":{"start":{"line":62,"column":21},"end":{"line":66,"column":6}},"22":{"start":{"line":67,"column":4},"end":{"line":72,"column":5}},"23":{"start":{"line":68,"column":6},"end":{"line":71,"column":8}},"24":{"start":{"line":73,"column":28},"end":{"line":77,"column":6}},"25":{"start":{"line":78,"column":4},"end":{"line":81,"column":7}},"26":{"start":{"line":83,"column":4},"end":{"line":83,"column":14}}},"fnMap":{"0":{"name":"(anonymous_0)","decl":{"start":{"line":3,"column":22},"end":{"line":3,"column":23}},"loc":{"start":{"line":3,"column":48},"end":{"line":22,"column":1}},"line":3},"1":{"name":"(anonymous_1)","decl":{"start":{"line":24,"column":26},"end":{"line":24,"column":27}},"loc":{"start":{"line":24,"column":52},"end":{"line":57,"column":1}},"line":24},"2":{"name":"(anonymous_2)","decl":{"start":{"line":59,"column":25},"end":{"line":59,"column":26}},"loc":{"start":{"line":59,"column":51},"end":{"line":85,"column":1}},"line":59}},"branchMap":{"0":{"loc":{"start":{"line":28,"column":4},"end":{"line":33,"column":5}},"type":"if","locations":[{"start":{"line":28,"column":4},"end":{"line":33,"column":5}},{"start":{},"end":{}}],"line":28},"1":{"loc":{"start":{"line":40,"column":4},"end":{"line":45,"column":5}},"type":"if","locations":[{"start":{"line":40,"column":4},"end":{"line":45,"column":5}},{"start":{},"end":{}}],"line":40},"2":{"loc":{"start":{"line":67,"column":4},"end":{"line":72,"column":5}},"type":"if","locations":[{"start":{"line":67,"column":4},"end":{"line":72,"column":5}},{"start":{},"end":{}}],"line":67}},"s":{"0":3,"1":3,"2":1,"3":1,"4":1,"5":0,"6":3,"7":3,"8":3,"9":3,"10":3,"11":1,"12":2,"13":2,"14":1,"15":1,"16":1,"17":2,"18":3,"19":2,"20":2,"21":2,"22":2,"23":1,"24":1,"25":1,"26":1},"f":{"0":1,"1":3,"2":2},"b":{"0":[1,2],"1":[1,1],"2":[1,1]},"_coverageSchema":"1a1c01bbd47fc00a2c39e90264f33305004495a9","hash":"ca55317ba255f644c6c3e01a9617a19628b8bd28"}
,"D:\\Kuliah\\DOT\\middlewares\\errorHandler.js": {"path":"D:\\Kuliah\\DOT\\middlewares\\errorHandler.js","statementMap":{"0":{"start":{"line":1,"column":0},"end":{"line":8,"column":2}},"1":{"start":{"line":2,"column":17},"end":{"line":2,"column":34}},"2":{"start":{"line":3,"column":18},"end":{"line":3,"column":56}},"3":{"start":{"line":4,"column":2},"end":{"line":4,"column":23}},"4":{"start":{"line":5,"column":2},"end":{"line":7,"column":5}}},"fnMap":{"0":{"name":"(anonymous_0)","decl":{"start":{"line":1,"column":17},"end":{"line":1,"column":18}},"loc":{"start":{"line":1,"column":42},"end":{"line":8,"column":1}},"line":1}},"branchMap":{"0":{"loc":{"start":{"line":2,"column":17},"end":{"line":2,"column":34}},"type":"binary-expr","locations":[{"start":{"line":2,"column":17},"end":{"line":2,"column":27}},{"start":{"line":2,"column":31},"end":{"line":2,"column":34}}],"line":2},"1":{"loc":{"start":{"line":3,"column":18},"end":{"line":3,"column":56}},"type":"binary-expr","locations":[{"start":{"line":3,"column":18},"end":{"line":3,"column":29}},{"start":{"line":3,"column":33},"end":{"line":3,"column":56}}],"line":3}},"s":{"0":3,"1":11,"2":11,"3":11,"4":11},"f":{"0":11},"b":{"0":[11,0],"1":[11,0]},"_coverageSchema":"1a1c01bbd47fc00a2c39e90264f33305004495a9","hash":"de9248076beaa33158bc47467776356bd743ba9a"}
,"D:\\Kuliah\\DOT\\middlewares\\isAuth.js": {"path":"D:\\Kuliah\\DOT\\middlewares\\isAuth.js","statementMap":{"0":{"start":{"line":1,"column":12},"end":{"line":1,"column":35}},"1":{"start":{"line":2,"column":0},"end":{"line":2,"column":27}},"2":{"start":{"line":4,"column":0},"end":{"line":33,"column":2}},"3":{"start":{"line":5,"column":2},"end":{"line":32,"column":3}},"4":{"start":{"line":6,"column":19},"end":{"line":6,"column":46}},"5":{"start":{"line":7,"column":4},"end":{"line":12,"column":5}},"6":{"start":{"line":8,"column":6},"end":{"line":11,"column":8}},"7":{"start":{"line":13,"column":18},"end":{"line":13,"column":38}},"8":{"start":{"line":14,"column":4},"end":{"line":19,"column":5}},"9":{"start":{"line":15,"column":6},"end":{"line":18,"column":8}},"10":{"start":{"line":20,"column":4},"end":{"line":29,"column":7}},"11":{"start":{"line":21,"column":6},"end":{"line":26,"column":7}},"12":{"start":{"line":22,"column":8},"end":{"line":25,"column":10}},"13":{"start":{"line":27,"column":6},"end":{"line":27,"column":25}},"14":{"start":{"line":28,"column":6},"end":{"line":28,"column":13}},"15":{"start":{"line":31,"column":4},"end":{"line":31,"column":14}}},"fnMap":{"0":{"name":"(anonymous_0)","decl":{"start":{"line":4,"column":17},"end":{"line":4,"column":18}},"loc":{"start":{"line":4,"column":43},"end":{"line":33,"column":1}},"line":4},"1":{"name":"(anonymous_1)","decl":{"start":{"line":20,"column":46},"end":{"line":20,"column":47}},"loc":{"start":{"line":20,"column":64},"end":{"line":29,"column":5}},"line":20}},"branchMap":{"0":{"loc":{"start":{"line":7,"column":4},"end":{"line":12,"column":5}},"type":"if","locations":[{"start":{"line":7,"column":4},"end":{"line":12,"column":5}},{"start":{},"end":{}}],"line":7},"1":{"loc":{"start":{"line":14,"column":4},"end":{"line":19,"column":5}},"type":"if","locations":[{"start":{"line":14,"column":4},"end":{"line":19,"column":5}},{"start":{},"end":{}}],"line":14},"2":{"loc":{"start":{"line":21,"column":6},"end":{"line":26,"column":7}},"type":"if","locations":[{"start":{"line":21,"column":6},"end":{"line":26,"column":7}},{"start":{},"end":{}}],"line":21}},"s":{"0":3,"1":3,"2":3,"3":8,"4":8,"5":8,"6":1,"7":7,"8":7,"9":0,"10":7,"11":7,"12":1,"13":6,"14":6,"15":2},"f":{"0":8,"1":7},"b":{"0":[1,7],"1":[0,7],"2":[1,6]},"_coverageSchema":"1a1c01bbd47fc00a2c39e90264f33305004495a9","hash":"728f977ce67eaab34d3364ba9d5ae0515475ad95"}
,"D:\\Kuliah\\DOT\\models\\index.js": {"path":"D:\\Kuliah\\DOT\\models\\index.js","statementMap":{"0":{"start":{"line":3,"column":11},"end":{"line":3,"column":24}},"1":{"start":{"line":4,"column":13},"end":{"line":4,"column":28}},"2":{"start":{"line":5,"column":18},"end":{"line":5,"column":38}},"3":{"start":{"line":6,"column":16},"end":{"line":6,"column":34}},"4":{"start":{"line":7,"column":17},"end":{"line":7,"column":42}},"5":{"start":{"line":8,"column":12},"end":{"line":8,"column":49}},"6":{"start":{"line":9,"column":15},"end":{"line":9,"column":63}},"7":{"start":{"line":10,"column":11},"end":{"line":10,"column":13}},"8":{"start":{"line":13,"column":0},"end":{"line":22,"column":1}},"9":{"start":{"line":14,"column":2},"end":{"line":14,"column":74}},"10":{"start":{"line":16,"column":2},"end":{"line":21,"column":4}},"11":{"start":{"line":24,"column":0},"end":{"line":36,"column":5}},"12":{"start":{"line":26,"column":4},"end":{"line":28,"column":6}},"13":{"start":{"line":31,"column":18},"end":{"line":34,"column":5}},"14":{"start":{"line":35,"column":4},"end":{"line":35,"column":27}},"15":{"start":{"line":38,"column":0},"end":{"line":42,"column":3}},"16":{"start":{"line":39,"column":2},"end":{"line":41,"column":3}},"17":{"start":{"line":40,"column":4},"end":{"line":40,"column":32}},"18":{"start":{"line":44,"column":0},"end":{"line":44,"column":25}},"19":{"start":{"line":45,"column":0},"end":{"line":45,"column":25}},"20":{"start":{"line":47,"column":0},"end":{"line":47,"column":20}}},"fnMap":{"0":{"name":"(anonymous_0)","decl":{"start":{"line":25,"column":10},"end":{"line":25,"column":11}},"loc":{"start":{"line":25,"column":20},"end":{"line":29,"column":3}},"line":25},"1":{"name":"(anonymous_1)","decl":{"start":{"line":30,"column":11},"end":{"line":30,"column":12}},"loc":{"start":{"line":30,"column":21},"end":{"line":36,"column":3}},"line":30},"2":{"name":"(anonymous_2)","decl":{"start":{"line":38,"column":24},"end":{"line":38,"column":25}},"loc":{"start":{"line":38,"column":39},"end":{"line":42,"column":1}},"line":38}},"branchMap":{"0":{"loc":{"start":{"line":8,"column":12},"end":{"line":8,"column":49}},"type":"binary-expr","locations":[{"start":{"line":8,"column":12},"end":{"line":8,"column":32}},{"start":{"line":8,"column":36},"end":{"line":8,"column":49}}],"line":8},"1":{"loc":{"start":{"line":13,"column":0},"end":{"line":22,"column":1}},"type":"if","locations":[{"start":{"line":13,"column":0},"end":{"line":22,"column":1}},{"start":{"line":15,"column":7},"end":{"line":22,"column":1}}],"line":13},"2":{"loc":{"start":{"line":27,"column":6},"end":{"line":27,"column":78}},"type":"binary-expr","locations":[{"start":{"line":27,"column":6},"end":{"line":27,"column":29}},{"start":{"line":27,"column":33},"end":{"line":27,"column":50}},{"start":{"line":27,"column":54},"end":{"line":27,"column":78}}],"line":27},"3":{"loc":{"start":{"line":39,"column":2},"end":{"line":41,"column":3}},"type":"if","locations":[{"start":{"line":39,"column":2},"end":{"line":41,"column":3}},{"start":{},"end":{}}],"line":39}},"s":{"0":3,"1":3,"2":3,"3":3,"4":3,"5":3,"6":3,"7":3,"8":3,"9":0,"10":3,"11":3,"12":12,"13":9,"14":9,"15":3,"16":9,"17":9,"18":3,"19":3,"20":3},"f":{"0":12,"1":9,"2":9},"b":{"0":[3,0],"1":[0,3],"2":[12,12,9],"3":[9,0]},"_coverageSchema":"1a1c01bbd47fc00a2c39e90264f33305004495a9","hash":"a3ae3f661b4a1a34c47ae9be3c57ea36b95412d5"}
,"D:\\Kuliah\\DOT\\models\\movie.js": {"path":"D:\\Kuliah\\DOT\\models\\movie.js","statementMap":{"0":{"start":{"line":2,"column":18},"end":{"line":2,"column":38}},"1":{"start":{"line":3,"column":0},"end":{"line":29,"column":2}},"2":{"start":{"line":12,"column":6},"end":{"line":14,"column":9}},"3":{"start":{"line":17,"column":2},"end":{"line":27,"column":4}},"4":{"start":{"line":28,"column":2},"end":{"line":28,"column":15}}},"fnMap":{"0":{"name":"(anonymous_0)","decl":{"start":{"line":3,"column":17},"end":{"line":3,"column":18}},"loc":{"start":{"line":3,"column":43},"end":{"line":29,"column":1}},"line":3},"1":{"name":"(anonymous_1)","decl":{"start":{"line":10,"column":4},"end":{"line":10,"column":5}},"loc":{"start":{"line":10,"column":29},"end":{"line":15,"column":5}},"line":10}},"branchMap":{},"s":{"0":3,"1":3,"2":3,"3":3,"4":3},"f":{"0":3,"1":3},"b":{},"_coverageSchema":"1a1c01bbd47fc00a2c39e90264f33305004495a9","hash":"78940ed7c9342fd37dabf5d8e093812527997749"}
,"D:\\Kuliah\\DOT\\models\\user.js": {"path":"D:\\Kuliah\\DOT\\models\\user.js","statementMap":{"0":{"start":{"line":2,"column":18},"end":{"line":2,"column":38}},"1":{"start":{"line":3,"column":0},"end":{"line":30,"column":2}},"2":{"start":{"line":12,"column":6},"end":{"line":14,"column":9}},"3":{"start":{"line":17,"column":2},"end":{"line":28,"column":4}},"4":{"start":{"line":29,"column":2},"end":{"line":29,"column":14}}},"fnMap":{"0":{"name":"(anonymous_0)","decl":{"start":{"line":3,"column":17},"end":{"line":3,"column":18}},"loc":{"start":{"line":3,"column":43},"end":{"line":30,"column":1}},"line":3},"1":{"name":"(anonymous_1)","decl":{"start":{"line":10,"column":4},"end":{"line":10,"column":5}},"loc":{"start":{"line":10,"column":29},"end":{"line":15,"column":5}},"line":10}},"branchMap":{},"s":{"0":3,"1":3,"2":3,"3":3,"4":3},"f":{"0":3,"1":3},"b":{},"_coverageSchema":"1a1c01bbd47fc00a2c39e90264f33305004495a9","hash":"69cde2f017f49585105954d40ac66b4f4ccdb9f9"}
,"D:\\Kuliah\\DOT\\models\\wishlist.js": {"path":"D:\\Kuliah\\DOT\\models\\wishlist.js","statementMap":{"0":{"start":{"line":2,"column":18},"end":{"line":2,"column":38}},"1":{"start":{"line":3,"column":0},"end":{"line":31,"column":2}},"2":{"start":{"line":12,"column":6},"end":{"line":14,"column":9}},"3":{"start":{"line":15,"column":6},"end":{"line":17,"column":9}},"4":{"start":{"line":20,"column":2},"end":{"line":29,"column":4}},"5":{"start":{"line":30,"column":2},"end":{"line":30,"column":18}}},"fnMap":{"0":{"name":"(anonymous_0)","decl":{"start":{"line":3,"column":17},"end":{"line":3,"column":18}},"loc":{"start":{"line":3,"column":43},"end":{"line":31,"column":1}},"line":3},"1":{"name":"(anonymous_1)","decl":{"start":{"line":10,"column":4},"end":{"line":10,"column":5}},"loc":{"start":{"line":10,"column":29},"end":{"line":18,"column":5}},"line":10}},"branchMap":{},"s":{"0":3,"1":3,"2":3,"3":3,"4":3,"5":3},"f":{"0":3,"1":3},"b":{},"_coverageSchema":"1a1c01bbd47fc00a2c39e90264f33305004495a9","hash":"f3168b4bd9b20851cac5a10eda234e76b8162203"}
,"D:\\Kuliah\\DOT\\routes\\movie.route.js": {"path":"D:\\Kuliah\\DOT\\routes\\movie.route.js","statementMap":{"0":{"start":{"line":1,"column":15},"end":{"line":1,"column":42}},"1":{"start":{"line":2,"column":19},"end":{"line":2,"column":61}},"2":{"start":{"line":4,"column":0},"end":{"line":4,"column":44}},"3":{"start":{"line":6,"column":0},"end":{"line":6,"column":47}},"4":{"start":{"line":8,"column":0},"end":{"line":8,"column":52}},"5":{"start":{"line":10,"column":0},"end":{"line":10,"column":52}},"6":{"start":{"line":12,"column":0},"end":{"line":12,"column":24}}},"fnMap":{},"branchMap":{},"s":{"0":3,"1":3,"2":3,"3":3,"4":3,"5":3,"6":3},"f":{},"b":{},"_coverageSchema":"1a1c01bbd47fc00a2c39e90264f33305004495a9","hash":"41cee9dfeb829da1c594f3768bdaf2c44d87c987"}
,"D:\\Kuliah\\DOT\\routes\\user.route.js": {"path":"D:\\Kuliah\\DOT\\routes\\user.route.js","statementMap":{"0":{"start":{"line":1,"column":15},"end":{"line":1,"column":42}},"1":{"start":{"line":2,"column":19},"end":{"line":2,"column":60}},"2":{"start":{"line":4,"column":0},"end":{"line":4,"column":50}},"3":{"start":{"line":6,"column":0},"end":{"line":6,"column":44}},"4":{"start":{"line":8,"column":0},"end":{"line":8,"column":24}}},"fnMap":{},"branchMap":{},"s":{"0":3,"1":3,"2":3,"3":3,"4":3},"f":{},"b":{},"_coverageSchema":"1a1c01bbd47fc00a2c39e90264f33305004495a9","hash":"8146bac8d6fca1dd57ed0039149b4c07f5b127d1"}
,"D:\\Kuliah\\DOT\\routes\\wishlist.route.js": {"path":"D:\\Kuliah\\DOT\\routes\\wishlist.route.js","statementMap":{"0":{"start":{"line":1,"column":15},"end":{"line":1,"column":42}},"1":{"start":{"line":2,"column":19},"end":{"line":2,"column":64}},"2":{"start":{"line":3,"column":15},"end":{"line":3,"column":47}},"3":{"start":{"line":5,"column":0},"end":{"line":5,"column":57}},"4":{"start":{"line":7,"column":0},"end":{"line":7,"column":65}},"5":{"start":{"line":9,"column":0},"end":{"line":9,"column":66}},"6":{"start":{"line":11,"column":0},"end":{"line":11,"column":24}}},"fnMap":{},"branchMap":{},"s":{"0":3,"1":3,"2":3,"3":3,"4":3,"5":3,"6":3},"f":{},"b":{},"_coverageSchema":"1a1c01bbd47fc00a2c39e90264f33305004495a9","hash":"298a09c7e9a98cf70a541533e1f5463beb3a858d"}
}
