TN:
SF:index.js
FNF:0
FNH:0
DA:1,3
DA:3,3
DA:4,3
DA:6,3
DA:7,3
DA:8,3
DA:9,3
DA:11,3
DA:12,3
DA:14,3
DA:15,3
DA:16,3
DA:18,3
DA:24,3
LF:14
LH:14
BRF:0
BRH:0
end_of_record
TN:
SF:config\config.js
FNF:0
FNH:0
DA:1,3
DA:3,3
LF:2
LH:2
BRF:0
BRH:0
end_of_record
TN:
SF:controllers\movie.controller.js
FN:3,(anonymous_0)
FN:14,(anonymous_1)
FN:33,(anonymous_2)
FN:69,(anonymous_3)
FNF:4
FNH:4
FNDA:1,(anonymous_0)
FNDA:1,(anonymous_1)
FNDA:2,(anonymous_2)
FNDA:2,(anonymous_3)
DA:1,3
DA:3,3
DA:4,1
DA:5,1
DA:6,1
DA:10,0
DA:14,3
DA:15,1
DA:16,1
DA:17,1
DA:24,1
DA:29,0
DA:33,3
DA:34,2
DA:35,2
DA:36,2
DA:37,2
DA:42,2
DA:43,1
DA:48,1
DA:60,1
DA:65,1
DA:69,3
DA:70,2
DA:71,2
DA:72,2
DA:77,2
DA:78,1
DA:83,1
DA:88,1
DA:93,1
LF:31
LH:29
BRDA:42,0,0,1
BRDA:42,0,1,1
BRDA:77,1,0,1
BRDA:77,1,1,1
BRF:4
BRH:4
end_of_record
TN:
SF:controllers\user.controller.js
FN:6,(anonymous_0)
FN:44,(anonymous_1)
FNF:2
FNH:2
FNDA:3,(anonymous_0)
FNDA:3,(anonymous_1)
DA:1,3
DA:2,3
DA:3,3
DA:4,3
DA:6,3
DA:7,3
DA:8,3
DA:9,3
DA:14,3
DA:15,1
DA:20,2
DA:21,1
DA:26,1
DA:27,1
DA:35,1
DA:40,2
DA:44,3
DA:45,3
DA:46,3
DA:47,3
DA:52,3
DA:53,1
DA:58,2
DA:59,2
DA:60,1
DA:65,1
DA:72,1
DA:77,2
LF:28
LH:28
BRDA:14,0,0,1
BRDA:14,0,1,2
BRDA:20,1,0,1
BRDA:20,1,1,1
BRDA:52,2,0,1
BRDA:52,2,1,2
BRDA:59,3,0,1
BRDA:59,3,1,1
BRF:8
BRH:8
end_of_record
TN:
SF:controllers\wishlist.controller.js
FN:3,(anonymous_0)
FN:24,(anonymous_1)
FN:59,(anonymous_2)
FNF:3
FNH:3
FNDA:1,(anonymous_0)
FNDA:3,(anonymous_1)
FNDA:2,(anonymous_2)
DA:1,3
DA:3,3
DA:4,1
DA:5,1
DA:16,1
DA:20,0
DA:24,3
DA:25,3
DA:26,3
DA:27,3
DA:28,3
DA:29,1
DA:34,2
DA:40,2
DA:41,1
DA:46,1
DA:50,1
DA:55,2
DA:59,3
DA:60,2
DA:61,2
DA:62,2
DA:67,2
DA:68,1
DA:73,1
DA:78,1
DA:83,1
LF:27
LH:26
BRDA:28,0,0,1
BRDA:28,0,1,2
BRDA:40,1,0,1
BRDA:40,1,1,1
BRDA:67,2,0,1
BRDA:67,2,1,1
BRF:6
BRH:6
end_of_record
TN:
SF:middlewares\errorHandler.js
FN:1,(anonymous_0)
FNF:1
FNH:1
FNDA:11,(anonymous_0)
DA:1,3
DA:2,11
DA:3,11
DA:4,11
DA:5,11
LF:5
LH:5
BRDA:2,0,0,11
BRDA:2,0,1,0
BRDA:3,1,0,11
BRDA:3,1,1,0
BRF:4
BRH:2
end_of_record
TN:
SF:middlewares\isAuth.js
FN:4,(anonymous_0)
FN:20,(anonymous_1)
FNF:2
FNH:2
FNDA:8,(anonymous_0)
FNDA:7,(anonymous_1)
DA:1,3
DA:2,3
DA:4,3
DA:5,8
DA:6,8
DA:7,8
DA:8,1
DA:13,7
DA:14,7
DA:15,0
DA:20,7
DA:21,7
DA:22,1
DA:27,6
DA:28,6
DA:31,2
LF:16
LH:15
BRDA:7,0,0,1
BRDA:7,0,1,7
BRDA:14,1,0,0
BRDA:14,1,1,7
BRDA:21,2,0,1
BRDA:21,2,1,6
BRF:6
BRH:5
end_of_record
TN:
SF:models\index.js
FN:25,(anonymous_0)
FN:30,(anonymous_1)
FN:38,(anonymous_2)
FNF:3
FNH:3
FNDA:12,(anonymous_0)
FNDA:9,(anonymous_1)
FNDA:9,(anonymous_2)
DA:3,3
DA:4,3
DA:5,3
DA:6,3
DA:7,3
DA:8,3
DA:9,3
DA:10,3
DA:13,3
DA:14,0
DA:16,3
DA:24,3
DA:26,12
DA:31,9
DA:35,9
DA:38,3
DA:39,9
DA:40,9
DA:44,3
DA:45,3
DA:47,3
LF:21
LH:20
BRDA:8,0,0,3
BRDA:8,0,1,0
BRDA:13,1,0,0
BRDA:13,1,1,3
BRDA:27,2,0,12
BRDA:27,2,1,12
BRDA:27,2,2,9
BRDA:39,3,0,9
BRDA:39,3,1,0
BRF:9
BRH:6
end_of_record
TN:
SF:models\movie.js
FN:3,(anonymous_0)
FN:10,(anonymous_1)
FNF:2
FNH:2
FNDA:3,(anonymous_0)
FNDA:3,(anonymous_1)
DA:2,3
DA:3,3
DA:12,3
DA:17,3
DA:28,3
LF:5
LH:5
BRF:0
BRH:0
end_of_record
TN:
SF:models\user.js
FN:3,(anonymous_0)
FN:10,(anonymous_1)
FNF:2
FNH:2
FNDA:3,(anonymous_0)
FNDA:3,(anonymous_1)
DA:2,3
DA:3,3
DA:12,3
DA:17,3
DA:29,3
LF:5
LH:5
BRF:0
BRH:0
end_of_record
TN:
SF:models\wishlist.js
FN:3,(anonymous_0)
FN:10,(anonymous_1)
FNF:2
FNH:2
FNDA:3,(anonymous_0)
FNDA:3,(anonymous_1)
DA:2,3
DA:3,3
DA:12,3
DA:15,3
DA:20,3
DA:30,3
LF:6
LH:6
BRF:0
BRH:0
end_of_record
TN:
SF:routes\movie.route.js
FNF:0
FNH:0
DA:1,3
DA:2,3
DA:4,3
DA:6,3
DA:8,3
DA:10,3
DA:12,3
LF:7
LH:7
BRF:0
BRH:0
end_of_record
TN:
SF:routes\user.route.js
FNF:0
FNH:0
DA:1,3
DA:2,3
DA:4,3
DA:6,3
DA:8,3
LF:5
LH:5
BRF:0
BRH:0
end_of_record
TN:
SF:routes\wishlist.route.js
FNF:0
FNH:0
DA:1,3
DA:2,3
DA:3,3
DA:5,3
DA:7,3
DA:9,3
DA:11,3
LF:7
LH:7
BRF:0
BRH:0
end_of_record
